#
# There is insufficient memory for the Java Runtime Environment to continue.
# Native memory allocation (malloc) failed to allocate 1112336 bytes for Chunk::new
# Possible reasons:
#   The system is out of physical RAM or swap space
#   The process is running with CompressedOops enabled, and the Java Heap may be blocking the growth of the native heap
# Possible solutions:
#   Reduce memory load on the system
#   Increase physical memory or swap space
#   Check if swap backing store is full
#   Decrease Java heap size (-Xmx/-Xms)
#   Decrease number of Java threads
#   Decrease Java thread stack sizes (-Xss)
#   Set larger code cache with -XX:ReservedCodeCacheSize=
#   JVM is running with Unscaled Compressed Oops mode in which the Java heap is
#     placed in the first 4GB address space. The Java Heap base address is the
#     maximum limit for the native heap growth. Please use -XX:HeapBaseMinAddress
#     to set the Java Heap base and to place the Java Heap above 4GB virtual address.
# This output file may be truncated or incomplete.
#
#  Out of Memory Error (./src/hotspot/share/memory/arena.cpp:197), pid=11552, tid=1964
#
# JRE version: OpenJDK Runtime Environment Temurin-11.0.14.1+1 (11.0.14.1+1) (build 11.0.14.1+1)
# Java VM: OpenJDK 64-Bit Server VM Temurin-11.0.14.1+1 (11.0.14.1+1, mixed mode, tiered, compressed oops, g1 gc, windows-amd64)
# No core dump will be written. Minidumps are not enabled by default on client versions of Windows
#

---------------  S U M M A R Y ------------

Command Line: org.gradle.launcher.GradleMain -Dorg.gradle.jvmargs=-Xmx4096m --stop

Host: Intel(R) Core(TM) i5-10300H CPU @ 2.50GHz, 8 cores, 7G,  Windows 11 , 64 bit Build 22621 (10.0.22621.5124)
Time: Tue Apr  8 17:23:57 2025 SE Asia Standard Time elapsed time: 1.141505 seconds (0d 0h 0m 1s)

---------------  T H R E A D  ---------------

Current thread (0x00000183bf2c1800):  JavaThread "C2 CompilerThread0" daemon [_thread_in_native, id=1964, stack(0x00000082a9800000,0x00000082a9900000)]


Current CompileTask:
C2:   1141 1392  s!   4       jdk.internal.loader.URLClassPath::getLoader (194 bytes)

Stack: [0x00000082a9800000,0x00000082a9900000]
Native frames: (J=compiled Java code, j=interpreted, Vv=VM code, C=native code)
V  [jvm.dll+0x61e59a]
V  [jvm.dll+0x7aaca9]
V  [jvm.dll+0x7ac398]
V  [jvm.dll+0x7aca73]
V  [jvm.dll+0x24f9b8]
V  [jvm.dll+0xc260c]
V  [jvm.dll+0xc2bcc]
V  [jvm.dll+0x3599c2]
V  [jvm.dll+0x325b93]
V  [jvm.dll+0x324eca]
V  [jvm.dll+0x208c05]
V  [jvm.dll+0x207ded]
V  [jvm.dll+0x18a2c1]
V  [jvm.dll+0x217734]
V  [jvm.dll+0x21597b]
V  [jvm.dll+0x76d7c0]
V  [jvm.dll+0x766724]
V  [jvm.dll+0x61d3f6]
C  [ucrtbase.dll+0x29333]
C  [KERNEL32.DLL+0x1259d]
C  [ntdll.dll+0x5af38]


---------------  P R O C E S S  ---------------

Threads class SMR info:
_java_thread_list=0x00000183c016ec70, length=12, elements={
0x000001839f9e0800, 0x00000183be93d000, 0x00000183be946000, 0x00000183bf2ba000,
0x00000183bf2bb000, 0x00000183bf2bc000, 0x00000183bf2c1800, 0x00000183be959800,
0x00000183bf2c3000, 0x00000183bf437000, 0x00000183bf503000, 0x00000183c0034000
}

Java Threads: ( => current thread )
  0x000001839f9e0800 JavaThread "main" [_thread_in_vm, id=11056, stack(0x00000082a8c00000,0x00000082a8d00000)]
  0x00000183be93d000 JavaThread "Reference Handler" daemon [_thread_blocked, id=17480, stack(0x00000082a9300000,0x00000082a9400000)]
  0x00000183be946000 JavaThread "Finalizer" daemon [_thread_blocked, id=13660, stack(0x00000082a9400000,0x00000082a9500000)]
  0x00000183bf2ba000 JavaThread "Signal Dispatcher" daemon [_thread_blocked, id=21540, stack(0x00000082a9500000,0x00000082a9600000)]
  0x00000183bf2bb000 JavaThread "Attach Listener" daemon [_thread_blocked, id=17380, stack(0x00000082a9600000,0x00000082a9700000)]
  0x00000183bf2bc000 JavaThread "Service Thread" daemon [_thread_blocked, id=22800, stack(0x00000082a9700000,0x00000082a9800000)]
=>0x00000183bf2c1800 JavaThread "C2 CompilerThread0" daemon [_thread_in_native, id=1964, stack(0x00000082a9800000,0x00000082a9900000)]
  0x00000183be959800 JavaThread "C1 CompilerThread0" daemon [_thread_blocked, id=14528, stack(0x00000082a9900000,0x00000082a9a00000)]
  0x00000183bf2c3000 JavaThread "Sweeper thread" daemon [_thread_blocked, id=23020, stack(0x00000082a9a00000,0x00000082a9b00000)]
  0x00000183bf437000 JavaThread "Common-Cleaner" daemon [_thread_blocked, id=8560, stack(0x00000082a9c00000,0x00000082a9d00000)]
  0x00000183bf503000 JavaThread "C2 CompilerThread1" daemon [_thread_in_native, id=9120, stack(0x00000082a9d00000,0x00000082a9e00000)]
  0x00000183c0034000 JavaThread "pool-1-thread-1" [_thread_blocked, id=19536, stack(0x00000082aa000000,0x00000082aa100000)]

Other Threads:
  0x00000183be91b800 VMThread "VM Thread" [stack: 0x00000082a9200000,0x00000082a9300000] [id=17256]
  0x00000183bf42d000 WatcherThread [stack: 0x00000082a9b00000,0x00000082a9c00000] [id=20144]
  0x000001839f9f8800 GCTaskThread "GC Thread#0" [stack: 0x00000082a8d00000,0x00000082a8e00000] [id=8584]
  0x00000183c020a800 GCTaskThread "GC Thread#1" [stack: 0x00000082a9e00000,0x00000082a9f00000] [id=22504]
  0x00000183c0191800 GCTaskThread "GC Thread#2" [stack: 0x00000082a9f00000,0x00000082aa000000] [id=19892]
  0x000001839fa2d800 ConcurrentGCThread "G1 Main Marker" [stack: 0x00000082a8e00000,0x00000082a8f00000] [id=21632]
  0x000001839fa2f000 ConcurrentGCThread "G1 Conc#0" [stack: 0x00000082a8f00000,0x00000082a9000000] [id=22644]
  0x00000183be784800 ConcurrentGCThread "G1 Refine#0" [stack: 0x00000082a9000000,0x00000082a9100000] [id=17836]
  0x00000183be785800 ConcurrentGCThread "G1 Young RemSet Sampling" [stack: 0x00000082a9100000,0x00000082a9200000] [id=13788]

Threads with active compile tasks:
C2 CompilerThread0   1159 1392  s!   4       jdk.internal.loader.URLClassPath::getLoader (194 bytes)
C2 CompilerThread1   1159 1467       4       java.util.HashMap::put (13 bytes)

VM state:not at safepoint (normal execution)

VM Mutex/Monitor currently owned by a thread: None

Heap address: 0x0000000082800000, size: 2008 MB, Compressed Oops mode: 32-bit
Narrow klass base: 0x0000000000000000, Narrow klass shift: 3
Compressed class space size: 1073741824 Address: 0x0000000100000000

Heap:
 garbage-first heap   total 129024K, used 70696K [0x0000000082800000, 0x0000000100000000)
  region size 1024K, 63 young (64512K), 3 survivors (3072K)
 Metaspace       used 14270K, capacity 14621K, committed 14848K, reserved 1062912K
  class space    used 1662K, capacity 1769K, committed 1792K, reserved 1048576K
Heap Regions: E=young(eden), S=young(survivor), O=old, HS=humongous(starts), HC=humongous(continues), CS=collection set, F=free, A=archive, TAMS=top-at-mark-start (previous, next)
|   0|0x0000000082800000, 0x0000000082900000, 0x0000000082900000|100%|HS|  |TAMS 0x0000000082800000, 0x0000000082800000| Complete 
|   1|0x0000000082900000, 0x0000000082900000, 0x0000000082a00000|  0%| F|  |TAMS 0x0000000082900000, 0x0000000082900000| Untracked 
|   2|0x0000000082a00000, 0x0000000082a00000, 0x0000000082b00000|  0%| F|  |TAMS 0x0000000082a00000, 0x0000000082a00000| Untracked 
|   3|0x0000000082b00000, 0x0000000082c00000, 0x0000000082c00000|100%|HS|  |TAMS 0x0000000082b00000, 0x0000000082b00000| Complete 
|   4|0x0000000082c00000, 0x0000000082d00000, 0x0000000082d00000|100%|HC|  |TAMS 0x0000000082c00000, 0x0000000082c00000| Complete 
|   5|0x0000000082d00000, 0x0000000082e00000, 0x0000000082e00000|100%|HC|  |TAMS 0x0000000082d00000, 0x0000000082d00000| Complete 
|   6|0x0000000082e00000, 0x0000000082f00000, 0x0000000082f00000|100%| O|  |TAMS 0x0000000082e00000, 0x0000000082e00000| Untracked 
|   7|0x0000000082f00000, 0x0000000083000000, 0x0000000083000000|100%| O|  |TAMS 0x0000000082f00000, 0x0000000082f00000| Untracked 
|   8|0x0000000083000000, 0x0000000083100000, 0x0000000083100000|100%| O|  |TAMS 0x0000000083000000, 0x0000000083000000| Untracked 
|   9|0x0000000083100000, 0x000000008310a000, 0x0000000083200000|  3%| O|  |TAMS 0x0000000083100000, 0x0000000083100000| Untracked 
|  10|0x0000000083200000, 0x0000000083200000, 0x0000000083300000|  0%| F|  |TAMS 0x0000000083200000, 0x0000000083200000| Untracked 
|  11|0x0000000083300000, 0x0000000083300000, 0x0000000083400000|  0%| F|  |TAMS 0x0000000083300000, 0x0000000083300000| Untracked 
|  12|0x0000000083400000, 0x0000000083400000, 0x0000000083500000|  0%| F|  |TAMS 0x0000000083400000, 0x0000000083400000| Untracked 
|  13|0x0000000083500000, 0x0000000083500000, 0x0000000083600000|  0%| F|  |TAMS 0x0000000083500000, 0x0000000083500000| Untracked 
|  14|0x0000000083600000, 0x0000000083600000, 0x0000000083700000|  0%| F|  |TAMS 0x0000000083600000, 0x0000000083600000| Untracked 
|  15|0x0000000083700000, 0x0000000083700000, 0x0000000083800000|  0%| F|  |TAMS 0x0000000083700000, 0x0000000083700000| Untracked 
|  16|0x0000000083800000, 0x0000000083800000, 0x0000000083900000|  0%| F|  |TAMS 0x0000000083800000, 0x0000000083800000| Untracked 
|  17|0x0000000083900000, 0x0000000083900000, 0x0000000083a00000|  0%| F|  |TAMS 0x0000000083900000, 0x0000000083900000| Untracked 
|  18|0x0000000083a00000, 0x0000000083a00000, 0x0000000083b00000|  0%| F|  |TAMS 0x0000000083a00000, 0x0000000083a00000| Untracked 
|  19|0x0000000083b00000, 0x0000000083b00000, 0x0000000083c00000|  0%| F|  |TAMS 0x0000000083b00000, 0x0000000083b00000| Untracked 
|  20|0x0000000083c00000, 0x0000000083c00000, 0x0000000083d00000|  0%| F|  |TAMS 0x0000000083c00000, 0x0000000083c00000| Untracked 
|  21|0x0000000083d00000, 0x0000000083d00000, 0x0000000083e00000|  0%| F|  |TAMS 0x0000000083d00000, 0x0000000083d00000| Untracked 
|  22|0x0000000083e00000, 0x0000000083e00000, 0x0000000083f00000|  0%| F|  |TAMS 0x0000000083e00000, 0x0000000083e00000| Untracked 
|  23|0x0000000083f00000, 0x0000000083f00000, 0x0000000084000000|  0%| F|  |TAMS 0x0000000083f00000, 0x0000000083f00000| Untracked 
|  24|0x0000000084000000, 0x0000000084000000, 0x0000000084100000|  0%| F|  |TAMS 0x0000000084000000, 0x0000000084000000| Untracked 
|  25|0x0000000084100000, 0x0000000084100000, 0x0000000084200000|  0%| F|  |TAMS 0x0000000084100000, 0x0000000084100000| Untracked 
|  26|0x0000000084200000, 0x0000000084200000, 0x0000000084300000|  0%| F|  |TAMS 0x0000000084200000, 0x0000000084200000| Untracked 
|  27|0x0000000084300000, 0x0000000084300000, 0x0000000084400000|  0%| F|  |TAMS 0x0000000084300000, 0x0000000084300000| Untracked 
|  28|0x0000000084400000, 0x0000000084400000, 0x0000000084500000|  0%| F|  |TAMS 0x0000000084400000, 0x0000000084400000| Untracked 
|  29|0x0000000084500000, 0x0000000084500000, 0x0000000084600000|  0%| F|  |TAMS 0x0000000084500000, 0x0000000084500000| Untracked 
|  30|0x0000000084600000, 0x0000000084600000, 0x0000000084700000|  0%| F|  |TAMS 0x0000000084600000, 0x0000000084600000| Untracked 
|  31|0x0000000084700000, 0x0000000084700000, 0x0000000084800000|  0%| F|  |TAMS 0x0000000084700000, 0x0000000084700000| Untracked 
|  32|0x0000000084800000, 0x0000000084800000, 0x0000000084900000|  0%| F|  |TAMS 0x0000000084800000, 0x0000000084800000| Untracked 
|  33|0x0000000084900000, 0x0000000084900000, 0x0000000084a00000|  0%| F|  |TAMS 0x0000000084900000, 0x0000000084900000| Untracked 
|  34|0x0000000084a00000, 0x0000000084a00000, 0x0000000084b00000|  0%| F|  |TAMS 0x0000000084a00000, 0x0000000084a00000| Untracked 
|  35|0x0000000084b00000, 0x0000000084b00000, 0x0000000084c00000|  0%| F|  |TAMS 0x0000000084b00000, 0x0000000084b00000| Untracked 
|  36|0x0000000084c00000, 0x0000000084c00000, 0x0000000084d00000|  0%| F|  |TAMS 0x0000000084c00000, 0x0000000084c00000| Untracked 
|  37|0x0000000084d00000, 0x0000000084d00000, 0x0000000084e00000|  0%| F|  |TAMS 0x0000000084d00000, 0x0000000084d00000| Untracked 
|  38|0x0000000084e00000, 0x0000000084e00000, 0x0000000084f00000|  0%| F|  |TAMS 0x0000000084e00000, 0x0000000084e00000| Untracked 
|  39|0x0000000084f00000, 0x0000000084f00000, 0x0000000085000000|  0%| F|  |TAMS 0x0000000084f00000, 0x0000000084f00000| Untracked 
|  40|0x0000000085000000, 0x0000000085000000, 0x0000000085100000|  0%| F|  |TAMS 0x0000000085000000, 0x0000000085000000| Untracked 
|  41|0x0000000085100000, 0x0000000085100000, 0x0000000085200000|  0%| F|  |TAMS 0x0000000085100000, 0x0000000085100000| Untracked 
|  42|0x0000000085200000, 0x0000000085200000, 0x0000000085300000|  0%| F|  |TAMS 0x0000000085200000, 0x0000000085200000| Untracked 
|  43|0x0000000085300000, 0x0000000085300000, 0x0000000085400000|  0%| F|  |TAMS 0x0000000085300000, 0x0000000085300000| Untracked 
|  44|0x0000000085400000, 0x0000000085400000, 0x0000000085500000|  0%| F|  |TAMS 0x0000000085400000, 0x0000000085400000| Untracked 
|  45|0x0000000085500000, 0x0000000085500000, 0x0000000085600000|  0%| F|  |TAMS 0x0000000085500000, 0x0000000085500000| Untracked 
|  46|0x0000000085600000, 0x0000000085600000, 0x0000000085700000|  0%| F|  |TAMS 0x0000000085600000, 0x0000000085600000| Untracked 
|  47|0x0000000085700000, 0x0000000085700000, 0x0000000085800000|  0%| F|  |TAMS 0x0000000085700000, 0x0000000085700000| Untracked 
|  48|0x0000000085800000, 0x0000000085800000, 0x0000000085900000|  0%| F|  |TAMS 0x0000000085800000, 0x0000000085800000| Untracked 
|  49|0x0000000085900000, 0x0000000085900000, 0x0000000085a00000|  0%| F|  |TAMS 0x0000000085900000, 0x0000000085900000| Untracked 
|  50|0x0000000085a00000, 0x0000000085a00000, 0x0000000085b00000|  0%| F|  |TAMS 0x0000000085a00000, 0x0000000085a00000| Untracked 
|  51|0x0000000085b00000, 0x0000000085b00000, 0x0000000085c00000|  0%| F|  |TAMS 0x0000000085b00000, 0x0000000085b00000| Untracked 
|  52|0x0000000085c00000, 0x0000000085c00000, 0x0000000085d00000|  0%| F|  |TAMS 0x0000000085c00000, 0x0000000085c00000| Untracked 
|  53|0x0000000085d00000, 0x0000000085d00000, 0x0000000085e00000|  0%| F|  |TAMS 0x0000000085d00000, 0x0000000085d00000| Untracked 
|  54|0x0000000085e00000, 0x0000000085e00000, 0x0000000085f00000|  0%| F|  |TAMS 0x0000000085e00000, 0x0000000085e00000| Untracked 
|  55|0x0000000085f00000, 0x0000000085f00000, 0x0000000086000000|  0%| F|  |TAMS 0x0000000085f00000, 0x0000000085f00000| Untracked 
|  56|0x0000000086000000, 0x0000000086000000, 0x0000000086100000|  0%| F|  |TAMS 0x0000000086000000, 0x0000000086000000| Untracked 
|  57|0x0000000086100000, 0x0000000086100000, 0x0000000086200000|  0%| F|  |TAMS 0x0000000086100000, 0x0000000086100000| Untracked 
|  58|0x0000000086200000, 0x0000000086200000, 0x0000000086300000|  0%| F|  |TAMS 0x0000000086200000, 0x0000000086200000| Untracked 
|  59|0x0000000086300000, 0x0000000086300000, 0x0000000086400000|  0%| F|  |TAMS 0x0000000086300000, 0x0000000086300000| Untracked 
|  60|0x0000000086400000, 0x0000000086400000, 0x0000000086500000|  0%| F|  |TAMS 0x0000000086400000, 0x0000000086400000| Untracked 
|  61|0x0000000086500000, 0x0000000086500000, 0x0000000086600000|  0%| F|  |TAMS 0x0000000086500000, 0x0000000086500000| Untracked 
|  62|0x0000000086600000, 0x0000000086600000, 0x0000000086700000|  0%| F|  |TAMS 0x0000000086600000, 0x0000000086600000| Untracked 
|  63|0x0000000086700000, 0x00000000867807f0, 0x0000000086800000| 50%| E|  |TAMS 0x0000000086700000, 0x0000000086700000| Complete 
|  64|0x0000000086800000, 0x0000000086900000, 0x0000000086900000|100%| E|CS|TAMS 0x0000000086800000, 0x0000000086800000| Complete 
|  65|0x0000000086900000, 0x0000000086a00000, 0x0000000086a00000|100%| E|CS|TAMS 0x0000000086900000, 0x0000000086900000| Complete 
|  66|0x0000000086a00000, 0x0000000086b00000, 0x0000000086b00000|100%| E|CS|TAMS 0x0000000086a00000, 0x0000000086a00000| Complete 
|  67|0x0000000086b00000, 0x0000000086c00000, 0x0000000086c00000|100%| E|CS|TAMS 0x0000000086b00000, 0x0000000086b00000| Complete 
|  68|0x0000000086c00000, 0x0000000086d00000, 0x0000000086d00000|100%| E|CS|TAMS 0x0000000086c00000, 0x0000000086c00000| Complete 
|  69|0x0000000086d00000, 0x0000000086e00000, 0x0000000086e00000|100%| E|CS|TAMS 0x0000000086d00000, 0x0000000086d00000| Complete 
|  70|0x0000000086e00000, 0x0000000086f00000, 0x0000000086f00000|100%| E|CS|TAMS 0x0000000086e00000, 0x0000000086e00000| Complete 
|  71|0x0000000086f00000, 0x0000000087000000, 0x0000000087000000|100%| E|CS|TAMS 0x0000000086f00000, 0x0000000086f00000| Complete 
|  72|0x0000000087000000, 0x0000000087100000, 0x0000000087100000|100%| E|CS|TAMS 0x0000000087000000, 0x0000000087000000| Complete 
|  73|0x0000000087100000, 0x0000000087200000, 0x0000000087200000|100%| E|CS|TAMS 0x0000000087100000, 0x0000000087100000| Complete 
|  74|0x0000000087200000, 0x0000000087300000, 0x0000000087300000|100%| E|CS|TAMS 0x0000000087200000, 0x0000000087200000| Complete 
|  75|0x0000000087300000, 0x0000000087400000, 0x0000000087400000|100%| E|CS|TAMS 0x0000000087300000, 0x0000000087300000| Complete 
|  76|0x0000000087400000, 0x0000000087500000, 0x0000000087500000|100%| E|CS|TAMS 0x0000000087400000, 0x0000000087400000| Complete 
|  77|0x0000000087500000, 0x0000000087600000, 0x0000000087600000|100%| E|CS|TAMS 0x0000000087500000, 0x0000000087500000| Complete 
|  78|0x0000000087600000, 0x0000000087700000, 0x0000000087700000|100%| E|CS|TAMS 0x0000000087600000, 0x0000000087600000| Complete 
|  79|0x0000000087700000, 0x0000000087800000, 0x0000000087800000|100%| E|CS|TAMS 0x0000000087700000, 0x0000000087700000| Complete 
|  80|0x0000000087800000, 0x0000000087900000, 0x0000000087900000|100%| E|CS|TAMS 0x0000000087800000, 0x0000000087800000| Complete 
|  81|0x0000000087900000, 0x0000000087a00000, 0x0000000087a00000|100%| E|CS|TAMS 0x0000000087900000, 0x0000000087900000| Complete 
|  82|0x0000000087a00000, 0x0000000087b00000, 0x0000000087b00000|100%| E|CS|TAMS 0x0000000087a00000, 0x0000000087a00000| Complete 
|  83|0x0000000087b00000, 0x0000000087c00000, 0x0000000087c00000|100%| E|CS|TAMS 0x0000000087b00000, 0x0000000087b00000| Complete 
|  84|0x0000000087c00000, 0x0000000087d00000, 0x0000000087d00000|100%| E|CS|TAMS 0x0000000087c00000, 0x0000000087c00000| Complete 
|  85|0x0000000087d00000, 0x0000000087e00000, 0x0000000087e00000|100%| E|CS|TAMS 0x0000000087d00000, 0x0000000087d00000| Complete 
|  86|0x0000000087e00000, 0x0000000087f00000, 0x0000000087f00000|100%| E|CS|TAMS 0x0000000087e00000, 0x0000000087e00000| Complete 
|  87|0x0000000087f00000, 0x0000000088000000, 0x0000000088000000|100%| E|CS|TAMS 0x0000000087f00000, 0x0000000087f00000| Complete 
|  88|0x0000000088000000, 0x0000000088100000, 0x0000000088100000|100%| E|CS|TAMS 0x0000000088000000, 0x0000000088000000| Complete 
|  89|0x0000000088100000, 0x0000000088200000, 0x0000000088200000|100%| E|CS|TAMS 0x0000000088100000, 0x0000000088100000| Complete 
|  90|0x0000000088200000, 0x0000000088300000, 0x0000000088300000|100%| E|CS|TAMS 0x0000000088200000, 0x0000000088200000| Complete 
|  91|0x0000000088300000, 0x0000000088400000, 0x0000000088400000|100%| E|CS|TAMS 0x0000000088300000, 0x0000000088300000| Complete 
|  92|0x0000000088400000, 0x0000000088500000, 0x0000000088500000|100%| E|CS|TAMS 0x0000000088400000, 0x0000000088400000| Complete 
|  93|0x0000000088500000, 0x0000000088600000, 0x0000000088600000|100%| E|CS|TAMS 0x0000000088500000, 0x0000000088500000| Complete 
|  94|0x0000000088600000, 0x0000000088700000, 0x0000000088700000|100%| E|CS|TAMS 0x0000000088600000, 0x0000000088600000| Complete 
|  95|0x0000000088700000, 0x0000000088800000, 0x0000000088800000|100%| E|CS|TAMS 0x0000000088700000, 0x0000000088700000| Complete 
|  96|0x0000000088800000, 0x0000000088900000, 0x0000000088900000|100%| E|CS|TAMS 0x0000000088800000, 0x0000000088800000| Complete 
|  97|0x0000000088900000, 0x0000000088a00000, 0x0000000088a00000|100%| E|CS|TAMS 0x0000000088900000, 0x0000000088900000| Complete 
|  98|0x0000000088a00000, 0x0000000088b00000, 0x0000000088b00000|100%| E|CS|TAMS 0x0000000088a00000, 0x0000000088a00000| Complete 
|  99|0x0000000088b00000, 0x0000000088c00000, 0x0000000088c00000|100%| S|CS|TAMS 0x0000000088b00000, 0x0000000088b00000| Complete 
| 100|0x0000000088c00000, 0x0000000088d00000, 0x0000000088d00000|100%| S|CS|TAMS 0x0000000088c00000, 0x0000000088c00000| Complete 
| 101|0x0000000088d00000, 0x0000000088e00000, 0x0000000088e00000|100%| S|CS|TAMS 0x0000000088d00000, 0x0000000088d00000| Complete 
| 102|0x0000000088e00000, 0x0000000088f00000, 0x0000000088f00000|100%| E|CS|TAMS 0x0000000088e00000, 0x0000000088e00000| Complete 
| 103|0x0000000088f00000, 0x0000000089000000, 0x0000000089000000|100%| E|CS|TAMS 0x0000000088f00000, 0x0000000088f00000| Complete 
| 104|0x0000000089000000, 0x0000000089100000, 0x0000000089100000|100%| E|CS|TAMS 0x0000000089000000, 0x0000000089000000| Complete 
| 105|0x0000000089100000, 0x0000000089200000, 0x0000000089200000|100%| E|CS|TAMS 0x0000000089100000, 0x0000000089100000| Complete 
| 106|0x0000000089200000, 0x0000000089300000, 0x0000000089300000|100%| E|CS|TAMS 0x0000000089200000, 0x0000000089200000| Complete 
| 107|0x0000000089300000, 0x0000000089400000, 0x0000000089400000|100%| E|CS|TAMS 0x0000000089300000, 0x0000000089300000| Complete 
| 108|0x0000000089400000, 0x0000000089500000, 0x0000000089500000|100%| E|CS|TAMS 0x0000000089400000, 0x0000000089400000| Complete 
| 109|0x0000000089500000, 0x0000000089600000, 0x0000000089600000|100%| E|CS|TAMS 0x0000000089500000, 0x0000000089500000| Complete 
| 110|0x0000000089600000, 0x0000000089700000, 0x0000000089700000|100%| E|CS|TAMS 0x0000000089600000, 0x0000000089600000| Complete 
| 111|0x0000000089700000, 0x0000000089800000, 0x0000000089800000|100%| E|CS|TAMS 0x0000000089700000, 0x0000000089700000| Complete 
| 112|0x0000000089800000, 0x0000000089900000, 0x0000000089900000|100%| E|CS|TAMS 0x0000000089800000, 0x0000000089800000| Complete 
| 113|0x0000000089900000, 0x0000000089a00000, 0x0000000089a00000|100%| E|CS|TAMS 0x0000000089900000, 0x0000000089900000| Complete 
| 114|0x0000000089a00000, 0x0000000089b00000, 0x0000000089b00000|100%| E|CS|TAMS 0x0000000089a00000, 0x0000000089a00000| Complete 
| 115|0x0000000089b00000, 0x0000000089c00000, 0x0000000089c00000|100%| E|CS|TAMS 0x0000000089b00000, 0x0000000089b00000| Complete 
| 116|0x0000000089c00000, 0x0000000089d00000, 0x0000000089d00000|100%| E|CS|TAMS 0x0000000089c00000, 0x0000000089c00000| Complete 
| 117|0x0000000089d00000, 0x0000000089e00000, 0x0000000089e00000|100%| E|CS|TAMS 0x0000000089d00000, 0x0000000089d00000| Complete 
| 118|0x0000000089e00000, 0x0000000089f00000, 0x0000000089f00000|100%| E|CS|TAMS 0x0000000089e00000, 0x0000000089e00000| Complete 
| 119|0x0000000089f00000, 0x000000008a000000, 0x000000008a000000|100%| E|CS|TAMS 0x0000000089f00000, 0x0000000089f00000| Complete 
| 120|0x000000008a000000, 0x000000008a100000, 0x000000008a100000|100%| E|CS|TAMS 0x000000008a000000, 0x000000008a000000| Complete 
| 121|0x000000008a100000, 0x000000008a200000, 0x000000008a200000|100%| E|CS|TAMS 0x000000008a100000, 0x000000008a100000| Complete 
| 122|0x000000008a200000, 0x000000008a300000, 0x000000008a300000|100%| E|CS|TAMS 0x000000008a200000, 0x000000008a200000| Complete 
| 123|0x000000008a300000, 0x000000008a400000, 0x000000008a400000|100%| E|CS|TAMS 0x000000008a300000, 0x000000008a300000| Complete 
| 124|0x000000008a400000, 0x000000008a500000, 0x000000008a500000|100%| E|CS|TAMS 0x000000008a400000, 0x000000008a400000| Complete 
| 125|0x000000008a500000, 0x000000008a600000, 0x000000008a600000|100%| E|CS|TAMS 0x000000008a500000, 0x000000008a500000| Complete 

Card table byte_map: [0x00000183b7830000,0x00000183b7c20000] _byte_map_base: 0x00000183b741c000

Marking Bits (Prev, Next): (CMBitMap*) 0x000001839fa250f8, (CMBitMap*) 0x000001839fa25130
 Prev Bits: [0x00000183b8010000, 0x00000183b9f70000)
 Next Bits: [0x00000183b9f70000, 0x00000183bbed0000)

Polling page: 0x000001839d930000

Metaspace:

Usage:
  Non-class:     12.55 MB capacity,    12.34 MB ( 98%) used,   200.05 KB (  2%) free+waste,    20.44 KB ( <1%) overhead. 
      Class:      1.73 MB capacity,     1.63 MB ( 94%) used,    92.74 KB (  5%) free+waste,    10.06 KB ( <1%) overhead. 
       Both:     14.28 MB capacity,    13.96 MB ( 98%) used,   292.79 KB (  2%) free+waste,    30.50 KB ( <1%) overhead. 

Virtual space:
  Non-class space:       14.00 MB reserved,      12.75 MB ( 91%) committed 
      Class space:        1.00 GB reserved,       1.75 MB ( <1%) committed 
             Both:        1.01 GB reserved,      14.50 MB (  1%) committed 

Chunk freelists:
   Non-Class:  12.00 KB
       Class:  23.00 KB
        Both:  35.00 KB

MaxMetaspaceSize: 17179869184.00 GB
CompressedClassSpaceSize: 1.00 GB
Initial GC threshold: 20.80 MB
Current GC threshold: 20.80 MB
CDS: off

CodeHeap 'non-profiled nmethods': size=120000Kb used=679Kb max_used=679Kb free=119320Kb
 bounds [0x00000183afbe0000, 0x00000183afe50000, 0x00000183b7110000]
CodeHeap 'profiled nmethods': size=120000Kb used=3140Kb max_used=3140Kb free=116859Kb
 bounds [0x00000183a86b0000, 0x00000183a89d0000, 0x00000183afbe0000]
CodeHeap 'non-nmethods': size=5760Kb used=1133Kb max_used=1151Kb free=4626Kb
 bounds [0x00000183a8110000, 0x00000183a8380000, 0x00000183a86b0000]
 total_blobs=1858 nmethods=1469 adapters=302
 compilation: enabled
              stopped_count=0, restarted_count=0
 full_count=0

Compilation events (20 events):
Event: 1.123 Thread 0x00000183be959800 nmethod 1422 0x00000183a89ad790 code [0x00000183a89ad940, 0x00000183a89adb78]
Event: 1.123 Thread 0x00000183be959800 1423       3       jdk.internal.org.objectweb.asm.MethodVisitor::<init> (35 bytes)
Event: 1.123 Thread 0x00000183be959800 nmethod 1423 0x00000183a89adc90 code [0x00000183a89ade60, 0x00000183a89ae148]
Event: 1.123 Thread 0x00000183be959800 1424       3       java.lang.invoke.MethodHandle::<init> (37 bytes)
Event: 1.123 Thread 0x00000183be959800 nmethod 1424 0x00000183a89ae290 code [0x00000183a89ae4a0, 0x00000183a89ae9f8]
Event: 1.123 Thread 0x00000183be959800 1425       3       java.lang.invoke.LambdaForm::prepare (112 bytes)
Event: 1.124 Thread 0x00000183be959800 nmethod 1425 0x00000183a89aec90 code [0x00000183a89aeec0, 0x00000183a89af498]
Event: 1.125 Thread 0x00000183bf503000 nmethod 1381% 0x00000183afc80490 code [0x00000183afc807c0, 0x00000183afc82ae8]
Event: 1.125 Thread 0x00000183bf503000 1414       4       java.lang.ClassLoader::checkName (37 bytes)
Event: 1.128 Thread 0x00000183bf503000 nmethod 1414 0x00000183afc84590 code [0x00000183afc84740, 0x00000183afc84998]
Event: 1.128 Thread 0x00000183bf503000 1409       4       java.lang.String::replace (42 bytes)
Event: 1.133 Thread 0x00000183be959800 1426       3       sun.invoke.util.Wrapper::isDoubleWord (15 bytes)
Event: 1.133 Thread 0x00000183be959800 nmethod 1426 0x00000183a89af690 code [0x00000183a89af840, 0x00000183a89af998]
Event: 1.133 Thread 0x00000183be959800 1427       3       java.lang.String::getBytes (44 bytes)
Event: 1.133 Thread 0x00000183be959800 nmethod 1427 0x00000183a89afa10 code [0x00000183a89afc00, 0x00000183a89aff38]
Event: 1.136 Thread 0x00000183bf503000 nmethod 1409 0x00000183afc84c10 code [0x00000183afc84dc0, 0x00000183afc853b8]
Event: 1.136 Thread 0x00000183bf503000 1378       4       java.nio.Buffer::position (52 bytes)
Event: 1.136 Thread 0x00000183bf503000 nmethod 1378 0x00000183afc85690 code [0x00000183afc85820, 0x00000183afc858d8]
Event: 1.138 Thread 0x00000183bf503000 1428       4       java.util.zip.Inflater::ensureOpen (47 bytes)
Event: 1.138 Thread 0x00000183bf503000 nmethod 1428 0x00000183afc85990 code [0x00000183afc85b20, 0x00000183afc85bb8]

GC Heap History (2 events):
Event: 0.604 GC heap before
{Heap before GC invocations=0 (full 0):
 garbage-first heap   total 129024K, used 29696K [0x0000000082800000, 0x0000000100000000)
  region size 1024K, 24 young (24576K), 0 survivors (0K)
 Metaspace       used 9739K, capacity 9869K, committed 10112K, reserved 1058816K
  class space    used 995K, capacity 1036K, committed 1152K, reserved 1048576K
}
Event: 0.608 GC heap after
{Heap after GC invocations=1 (full 0):
 garbage-first heap   total 129024K, used 9256K [0x0000000082800000, 0x0000000100000000)
  region size 1024K, 3 young (3072K), 3 survivors (3072K)
 Metaspace       used 9739K, capacity 9869K, committed 10112K, reserved 1058816K
  class space    used 995K, capacity 1036K, committed 1152K, reserved 1048576K
}

Deoptimization events (20 events):
Event: 1.027 Thread 0x000001839f9e0800 DEOPT PACKING pc=0x00000183a87966c6 sp=0x00000082a8cf69c0
Event: 1.027 Thread 0x000001839f9e0800 DEOPT UNPACKING pc=0x00000183a815a95e sp=0x00000082a8cf5fb0 mode 0
Event: 1.029 Thread 0x000001839f9e0800 DEOPT PACKING pc=0x00000183a875f2cc sp=0x00000082a8cf6780
Event: 1.029 Thread 0x000001839f9e0800 DEOPT UNPACKING pc=0x00000183a815a95e sp=0x00000082a8cf5d20 mode 0
Event: 1.030 Thread 0x000001839f9e0800 Uncommon trap: trap_request=0xffffff4d fr.pc=0x00000183afc37128 relative=0x00000000000019e8
Event: 1.030 Thread 0x000001839f9e0800 Uncommon trap: reason=unstable_if action=reinterpret pc=0x00000183afc37128 method=jdk.internal.loader.URLClassPath.getLoader(I)Ljdk/internal/loader/URLClassPath$Loader; @ 95 c2
Event: 1.030 Thread 0x000001839f9e0800 DEOPT PACKING pc=0x00000183afc37128 sp=0x00000082a8cfa770
Event: 1.030 Thread 0x000001839f9e0800 DEOPT UNPACKING pc=0x00000183a815a1af sp=0x00000082a8cfa780 mode 2
Event: 1.032 Thread 0x000001839f9e0800 Uncommon trap: trap_request=0xffffffb5 fr.pc=0x00000183afc31f18 relative=0x00000000000000d8
Event: 1.032 Thread 0x000001839f9e0800 Uncommon trap: reason=unloaded action=reinterpret pc=0x00000183afc31f18 method=jdk.internal.loader.URLClassPath$JarLoader.ensureOpen()V @ 26 c2
Event: 1.032 Thread 0x000001839f9e0800 DEOPT PACKING pc=0x00000183afc31f18 sp=0x00000082a8cf8bc0
Event: 1.032 Thread 0x000001839f9e0800 DEOPT UNPACKING pc=0x00000183a815a1af sp=0x00000082a8cf8b48 mode 2
Event: 1.041 Thread 0x000001839f9e0800 DEOPT PACKING pc=0x00000183a87966c6 sp=0x00000082a8cf6970
Event: 1.041 Thread 0x000001839f9e0800 DEOPT UNPACKING pc=0x00000183a815a95e sp=0x00000082a8cf5f60 mode 0
Event: 1.050 Thread 0x000001839f9e0800 DEOPT PACKING pc=0x00000183a8741634 sp=0x00000082a8cfc1d0
Event: 1.050 Thread 0x000001839f9e0800 DEOPT UNPACKING pc=0x00000183a815a95e sp=0x00000082a8cfb720 mode 0
Event: 1.051 Thread 0x000001839f9e0800 DEOPT PACKING pc=0x00000183a8741634 sp=0x00000082a8cfc1d0
Event: 1.051 Thread 0x000001839f9e0800 DEOPT UNPACKING pc=0x00000183a815a95e sp=0x00000082a8cfb720 mode 0
Event: 1.053 Thread 0x000001839f9e0800 DEOPT PACKING pc=0x00000183a8741634 sp=0x00000082a8cfc200
Event: 1.053 Thread 0x000001839f9e0800 DEOPT UNPACKING pc=0x00000183a815a95e sp=0x00000082a8cfb750 mode 0

Classes redefined (0 events):
No events

Internal exceptions (12 events):
Event: 0.104 Thread 0x000001839f9e0800 Exception <a 'java/lang/NoSuchMethodError'{0x000000008a310b18}: 'int java.lang.invoke.DirectMethodHandle$Holder.invokeStaticInit(java.lang.Object, java.lang.Object)'> (0x000000008a310b18) thrown at [./src/hotspot/share/interpreter/linkResolver.cpp, line 773]
Event: 0.151 Thread 0x000001839f9e0800 Exception <a 'java/lang/NoSuchMethodError'{0x000000008a3f6cf8}: 'int java.lang.invoke.DirectMethodHandle$Holder.invokeSpecial(java.lang.Object, java.lang.Object, java.lang.Object, java.lang.Object)'> (0x000000008a3f6cf8) thrown at [./src/hotspot/share/interpreter/linkResolver.cpp, line 773]
Event: 0.157 Thread 0x000001839f9e0800 Exception <a 'java/lang/NoSuchMethodError'{0x000000008a231048}: 'int java.lang.invoke.DirectMethodHandle$Holder.invokeSpecialIFC(java.lang.Object, java.lang.Object, int)'> (0x000000008a231048) thrown at [./src/hotspot/share/interpreter/linkResolver.cpp, line 773]
Event: 0.560 Thread 0x000001839f9e0800 Implicit null exception at 0x00000183afc21b75 to 0x00000183afc21d44
Event: 0.581 Thread 0x000001839f9e0800 Exception <a 'java/lang/NoClassDefFoundError'{0x0000000088fb41d0}: org/slf4j/impl/StaticMarkerBinder> (0x0000000088fb41d0) thrown at [./src/hotspot/share/classfile/systemDictionary.cpp, line 219]
Event: 0.596 Thread 0x000001839f9e0800 Exception <a 'java/lang/NoSuchMethodError'{0x0000000088eb3698}: 'java.lang.Object java.lang.invoke.DirectMethodHandle$Holder.invokeVirtual(java.lang.Object, java.lang.Object, java.lang.Object, java.lang.Object, java.lang.Object, java.lang.Object, java.lang.Object)'> (0x0000000088eb3698) thrown at [./src/hotspot/share/interpreter/linkResolver.cpp, line 773]
Event: 0.598 Thread 0x000001839f9e0800 Exception <a 'java/lang/NoSuchMethodError'{0x0000000088ec6ef8}: 'java.lang.Object java.lang.invoke.Invokers$Holder.invoker(java.lang.Object, java.lang.Object, java.lang.Object)'> (0x0000000088ec6ef8) thrown at [./src/hotspot/share/interpreter/linkResolver.cpp, line 773]
Event: 0.601 Thread 0x000001839f9e0800 Exception <a 'java/lang/NoSuchMethodError'{0x0000000088ed7b78}: 'void java.lang.invoke.DelegatingMethodHandle$Holder.delegate(java.lang.Object, java.lang.Object, int, java.lang.Object)'> (0x0000000088ed7b78) thrown at [./src/hotspot/share/interpreter/linkResolver.cpp, line 773]
Event: 0.668 Thread 0x000001839f9e0800 Exception <a 'java/lang/NoSuchMethodError'{0x0000000089f24720}: 'java.lang.Object java.lang.invoke.DirectMethodHandle$Holder.invokeInterface(java.lang.Object, java.lang.Object, java.lang.Object)'> (0x0000000089f24720) thrown at [./src/hotspot/share/interpreter/linkResolver.cpp, line 773]
Event: 0.701 Thread 0x000001839f9e0800 Exception <a 'java/lang/NoSuchMethodError'{0x0000000089da8f50}: 'java.lang.Object java.lang.invoke.DirectMethodHandle$Holder.invokeStaticInit(java.lang.Object, java.lang.Object, java.lang.Object)'> (0x0000000089da8f50) thrown at [./src/hotspot/share/interpreter/linkResolver.cpp, line 773]
Event: 1.032 Thread 0x000001839f9e0800 Exception <a 'java/security/PrivilegedActionException'{0x0000000087ac6508}> (0x0000000087ac6508) thrown at [./src/hotspot/share/prims/jvm.cpp, line 1306]
Event: 1.032 Thread 0x000001839f9e0800 Exception <a 'java/security/PrivilegedActionException'{0x0000000087ac6d28}> (0x0000000087ac6d28) thrown at [./src/hotspot/share/prims/jvm.cpp, line 1306]

Events (20 events):
Event: 1.139 loading class com/google/common/cache/LocalCache$EntryFactory
Event: 1.139 loading class com/google/common/cache/LocalCache$EntryFactory done
Event: 1.139 loading class com/google/common/cache/LocalCache$EntryFactory$1
Event: 1.139 loading class com/google/common/cache/LocalCache$EntryFactory$1 done
Event: 1.139 loading class com/google/common/cache/LocalCache$EntryFactory$2
Event: 1.139 loading class com/google/common/cache/LocalCache$EntryFactory$2 done
Event: 1.139 loading class com/google/common/cache/LocalCache$EntryFactory$3
Event: 1.139 loading class com/google/common/cache/LocalCache$EntryFactory$3 done
Event: 1.139 loading class com/google/common/cache/LocalCache$EntryFactory$4
Event: 1.139 loading class com/google/common/cache/LocalCache$EntryFactory$4 done
Event: 1.139 loading class com/google/common/cache/LocalCache$EntryFactory$5
Event: 1.139 loading class com/google/common/cache/LocalCache$EntryFactory$5 done
Event: 1.140 loading class com/google/common/cache/LocalCache$EntryFactory$6
Event: 1.140 loading class com/google/common/cache/LocalCache$EntryFactory$6 done
Event: 1.140 loading class com/google/common/cache/LocalCache$EntryFactory$7
Event: 1.140 loading class com/google/common/cache/LocalCache$EntryFactory$7 done
Event: 1.140 loading class com/google/common/cache/LocalCache$EntryFactory$8
Event: 1.140 loading class com/google/common/cache/LocalCache$EntryFactory$8 done
Event: 1.140 loading class com/google/common/cache/LocalCache$Segment
Event: 1.140 loading class com/google/common/cache/LocalCache$Segment done


Dynamic libraries:
0x00007ff754bb0000 - 0x00007ff754bbd000 	C:\Program Files\Unity\Hub\Editor\2022.3.46f1\Editor\Data\PlaybackEngines\AndroidPlayer\OpenJDK\bin\java.exe
0x00007ff91eb70000 - 0x00007ff91ed87000 	C:\WINDOWS\SYSTEM32\ntdll.dll
0x00007ff91d670000 - 0x00007ff91d734000 	C:\WINDOWS\System32\KERNEL32.DLL
0x00007ff91be50000 - 0x00007ff91c223000 	C:\WINDOWS\System32\KERNELBASE.dll
0x00007ff91c420000 - 0x00007ff91c531000 	C:\WINDOWS\System32\ucrtbase.dll
0x00007ff8b0810000 - 0x00007ff8b0825000 	C:\Program Files\Unity\Hub\Editor\2022.3.46f1\Editor\Data\PlaybackEngines\AndroidPlayer\OpenJDK\bin\VCRUNTIME140.dll
0x00007ff8f8e40000 - 0x00007ff8f8e57000 	C:\Program Files\Unity\Hub\Editor\2022.3.46f1\Editor\Data\PlaybackEngines\AndroidPlayer\OpenJDK\bin\jli.dll
0x00007ff91e1c0000 - 0x00007ff91e371000 	C:\WINDOWS\System32\USER32.dll
0x00007ff91c5c0000 - 0x00007ff91c5e6000 	C:\WINDOWS\System32\win32u.dll
0x00007ff906820000 - 0x00007ff906ab8000 	C:\WINDOWS\WinSxS\amd64_microsoft.windows.common-controls_6595b64144ccf1df_6.0.22621.5124_none_270e8f4f7386d69d\COMCTL32.dll
0x00007ff91d750000 - 0x00007ff91d7f7000 	C:\WINDOWS\System32\msvcrt.dll
0x00007ff91e9f0000 - 0x00007ff91ea19000 	C:\WINDOWS\System32\GDI32.dll
0x00007ff91c230000 - 0x00007ff91c34b000 	C:\WINDOWS\System32\gdi32full.dll
0x00007ff91c380000 - 0x00007ff91c41a000 	C:\WINDOWS\System32\msvcp_win.dll
0x00007ff91c840000 - 0x00007ff91c871000 	C:\WINDOWS\System32\IMM32.DLL
0x00007ff8a5a80000 - 0x00007ff8a5b1b000 	C:\Program Files\Unity\Hub\Editor\2022.3.46f1\Editor\Data\PlaybackEngines\AndroidPlayer\OpenJDK\bin\msvcp140.dll
0x00007ff82da80000 - 0x00007ff82e601000 	C:\Program Files\Unity\Hub\Editor\2022.3.46f1\Editor\Data\PlaybackEngines\AndroidPlayer\OpenJDK\bin\server\jvm.dll
0x00007ff91e780000 - 0x00007ff91e831000 	C:\WINDOWS\System32\ADVAPI32.dll
0x00007ff91e640000 - 0x00007ff91e6e8000 	C:\WINDOWS\System32\sechost.dll
0x00007ff91c350000 - 0x00007ff91c378000 	C:\WINDOWS\System32\bcrypt.dll
0x00007ff91d140000 - 0x00007ff91d254000 	C:\WINDOWS\System32\RPCRT4.dll
0x00007ff91cd00000 - 0x00007ff91cd08000 	C:\WINDOWS\System32\PSAPI.DLL
0x00007ff916af0000 - 0x00007ff916af9000 	C:\WINDOWS\SYSTEM32\WSOCK32.dll
0x00007ff9172c0000 - 0x00007ff9172ca000 	C:\WINDOWS\SYSTEM32\VERSION.dll
0x00007ff9169e0000 - 0x00007ff916a14000 	C:\WINDOWS\SYSTEM32\WINMM.dll
0x00007ff91d260000 - 0x00007ff91d2d1000 	C:\WINDOWS\System32\WS2_32.dll
0x00007ff91adb0000 - 0x00007ff91adc8000 	C:\WINDOWS\SYSTEM32\kernel.appcore.dll
0x00007ff917840000 - 0x00007ff917850000 	C:\Program Files\Unity\Hub\Editor\2022.3.46f1\Editor\Data\PlaybackEngines\AndroidPlayer\OpenJDK\bin\verify.dll
0x00007ff919730000 - 0x00007ff919962000 	C:\WINDOWS\SYSTEM32\DBGHELP.DLL
0x00007ff91cda0000 - 0x00007ff91d132000 	C:\WINDOWS\System32\combase.dll
0x00007ff91e3a0000 - 0x00007ff91e477000 	C:\WINDOWS\System32\OLEAUT32.dll
0x00007ff8f2760000 - 0x00007ff8f2792000 	C:\WINDOWS\SYSTEM32\dbgcore.DLL
0x00007ff91c540000 - 0x00007ff91c5bb000 	C:\WINDOWS\System32\bcryptPrimitives.dll
0x00007ff8b07e0000 - 0x00007ff8b0808000 	C:\Program Files\Unity\Hub\Editor\2022.3.46f1\Editor\Data\PlaybackEngines\AndroidPlayer\OpenJDK\bin\java.dll
0x00007ff8da890000 - 0x00007ff8da89a000 	C:\Program Files\Unity\Hub\Editor\2022.3.46f1\Editor\Data\PlaybackEngines\AndroidPlayer\OpenJDK\bin\jimage.dll
0x00007ff8a5a60000 - 0x00007ff8a5a78000 	C:\Program Files\Unity\Hub\Editor\2022.3.46f1\Editor\Data\PlaybackEngines\AndroidPlayer\OpenJDK\bin\zip.dll
0x00007ff91d800000 - 0x00007ff91e096000 	C:\WINDOWS\System32\SHELL32.dll
0x00007ff91bd10000 - 0x00007ff91be4f000 	C:\WINDOWS\System32\wintypes.dll
0x00007ff919bd0000 - 0x00007ff91a4ea000 	C:\WINDOWS\SYSTEM32\windows.storage.dll
0x00007ff91ea20000 - 0x00007ff91eb2a000 	C:\WINDOWS\System32\SHCORE.dll
0x00007ff91d2e0000 - 0x00007ff91d343000 	C:\WINDOWS\System32\shlwapi.dll
0x00007ff91bbc0000 - 0x00007ff91bbeb000 	C:\WINDOWS\SYSTEM32\profapi.dll
0x00007ff8a5a40000 - 0x00007ff8a5a59000 	C:\Program Files\Unity\Hub\Editor\2022.3.46f1\Editor\Data\PlaybackEngines\AndroidPlayer\OpenJDK\bin\net.dll
0x00007ff9165d0000 - 0x00007ff9166fc000 	C:\WINDOWS\SYSTEM32\WINHTTP.dll
0x00007ff91b230000 - 0x00007ff91b29a000 	C:\WINDOWS\system32\mswsock.dll
0x00007ff8a5740000 - 0x00007ff8a5753000 	C:\Program Files\Unity\Hub\Editor\2022.3.46f1\Editor\Data\PlaybackEngines\AndroidPlayer\OpenJDK\bin\nio.dll
0x00007ff8a5710000 - 0x00007ff8a5737000 	D:\Gradle8\gradle-8.0.1-all\gradle-8.0.1\native\e1d6ef7f7dcc3fd88c89a11ec53ec762bb8ba0a96d01ffa2cd45eb1d1d8dd5c5\windows-amd64\native-platform.dll
0x00007ff8a5700000 - 0x00007ff8a5709000 	C:\Program Files\Unity\Hub\Editor\2022.3.46f1\Editor\Data\PlaybackEngines\AndroidPlayer\OpenJDK\bin\management.dll
0x00007ff8a56f0000 - 0x00007ff8a56fb000 	C:\Program Files\Unity\Hub\Editor\2022.3.46f1\Editor\Data\PlaybackEngines\AndroidPlayer\OpenJDK\bin\management_ext.dll

dbghelp: loaded successfully - version: 4.0.5 - missing functions: none
symbol engine: initialized successfully - sym options: 0x614 - pdb path: .;C:\Program Files\Unity\Hub\Editor\2022.3.46f1\Editor\Data\PlaybackEngines\AndroidPlayer\OpenJDK\bin;C:\WINDOWS\SYSTEM32;C:\WINDOWS\WinSxS\amd64_microsoft.windows.common-controls_6595b64144ccf1df_6.0.22621.5124_none_270e8f4f7386d69d;C:\Program Files\Unity\Hub\Editor\2022.3.46f1\Editor\Data\PlaybackEngines\AndroidPlayer\OpenJDK\bin\server;D:\Gradle8\gradle-8.0.1-all\gradle-8.0.1\native\e1d6ef7f7dcc3fd88c89a11ec53ec762bb8ba0a96d01ffa2cd45eb1d1d8dd5c5\windows-amd64

VM Arguments:
java_command: org.gradle.launcher.GradleMain -Dorg.gradle.jvmargs=-Xmx4096m --stop
java_class_path (initial): C:\Program Files\Unity\Hub\Editor\2022.3.46f1\Editor\Data\PlaybackEngines\AndroidPlayer\Tools\gradle\lib\gradle-launcher-7.5.1.jar
Launcher Type: SUN_STANDARD

[Global flags]
     intx CICompilerCount                          = 4                                         {product} {ergonomic}
     uint ConcGCThreads                            = 2                                         {product} {ergonomic}
     uint G1ConcRefinementThreads                  = 8                                         {product} {ergonomic}
   size_t G1HeapRegionSize                         = 1048576                                   {product} {ergonomic}
    uintx GCDrainStackTargetSize                   = 64                                        {product} {ergonomic}
   size_t InitialHeapSize                          = 132120576                                 {product} {ergonomic}
   size_t MarkStackSize                            = 4194304                                   {product} {ergonomic}
   size_t MaxHeapSize                              = 2105540608                                {product} {ergonomic}
   size_t MaxNewSize                               = 1262485504                                {product} {ergonomic}
   size_t MinHeapDeltaBytes                        = 1048576                                   {product} {ergonomic}
    uintx NonNMethodCodeHeapSize                   = 5836300                                {pd product} {ergonomic}
    uintx NonProfiledCodeHeapSize                  = 122910970                              {pd product} {ergonomic}
    uintx ProfiledCodeHeapSize                     = 122910970                              {pd product} {ergonomic}
    uintx ReservedCodeCacheSize                    = 251658240                              {pd product} {ergonomic}
     bool SegmentedCodeCache                       = true                                      {product} {ergonomic}
     bool UseCompressedClassPointers               = true                                 {lp64_product} {ergonomic}
     bool UseCompressedOops                        = true                                 {lp64_product} {ergonomic}
     bool UseG1GC                                  = true                                      {product} {ergonomic}
     bool UseLargePagesIndividualAllocation        = false                                  {pd product} {ergonomic}

Logging:
Log output configuration:
 #0: stdout all=warning uptime,level,tags
 #1: stderr all=off uptime,level,tags

Environment Variables:
JAVA_HOME=C:\Program Files\Unity\Hub\Editor\2022.3.46f1\Editor\Data\PlaybackEngines\AndroidPlayer\OpenJDK
PATH=C:\Program Files\Java\jdk-20\bin;C:\Program Files\Common Files\Oracle\Java\javapath;C:\Windows\system32;C:\Windows;C:\Windows\System32\Wbem;C:\Windows\System32\WindowsPowerShell\v1.0\;C:\Windows\System32\OpenSSH\;C:\Program Files (x86)\NVIDIA Corporation\PhysX\Common;C:\Program Files\NVIDIA Corporation\NVIDIA NvDLISR;C:\WINDOWS\system32;C:\WINDOWS;C:\WINDOWS\System32\Wbem;C:\WINDOWS\System32\WindowsPowerShell\v1.0\;C:\WINDOWS\System32\OpenSSH\;C:\Program Files (x86)\Microsoft SQL Server\160\Tools\Binn\;C:\Program Files\Microsoft SQL Server\160\Tools\Binn\;C:\Program Files\Microsoft SQL Server\Client SDK\ODBC\170\Tools\Binn\;C:\Program Files\Microsoft SQL Server\160\DTS\Binn\;C:\Program Files (x86)\Microsoft SQL Server\160\DTS\Binn\;C:\Program Files\Azure Data Studio\bin;C:\Program Files\Git\cmd;C:\Program Files\Microsoft SQL Server\150\Tools\Binn\;C:\Program Files\dotnet\;D:\Xampp\php;D:\Composer;C:\ProgramData\chocolatey\bin;C:\Program Files\Microsoft VS Code\bin;C:\Program Files\nodejs\;C:\Program Files\Git LFS;C:\Program Files\PuTTY\;C:\Users\DÝÕNG VÃN S?\AppData\Local\Microsoft\WindowsApps;C:\Users\DÝÕNG VÃN S?\AppData\Local\Programs\Microsoft VS Code\bin;C:\msys641\usr\bin;C:\msys64\mingw64\bin;C:\Program Files\Azure Data Studio\bin;C:\Program Files\CMake\bin;C:\Users\DÝÕNG VÃN S?\AppData\Local\Programs\Microsoft VS Code\bin;C:\Users\DÝÕNG VÃN S?\.dotnet\tools;C:\Program Files\Java\jdk-20\bin;C:\Users\DÝÕNG VÃN S?\AppData\Roaming\Composer\vendor\bin;D:\AndroidSDK\platform-tools;D:\Gradle8\gradle-8.0.1-all\gradle-8.0.1;C:\Users\DÝÕNG VÃN S?\AppData\Roaming\npm;C:\Users\DÝÕNG VÃN S?\.lmstudio\bin
USERNAME=DÝÕNG VÃN S?
OS=Windows_NT
PROCESSOR_IDENTIFIER=Intel64 Family 6 Model 165 Stepping 2, GenuineIntel



---------------  S Y S T E M  ---------------

OS: Windows 11 , 64 bit Build 22621 (10.0.22621.5124)
OS uptime: 0 days 1:51 hours

CPU:total 8 (initial active 8) (4 cores per cpu, 2 threads per core) family 6 model 165 stepping 2 microcode 0xe0, cmov, cx8, fxsr, mmx, sse, sse2, sse3, ssse3, sse4.1, sse4.2, popcnt, avx, avx2, aes, clmul, erms, 3dnowpref, lzcnt, ht, tsc, tscinvbit, bmi1, bmi2, adx, fma

Memory: 4k page, system-wide physical 8029M (462M free)
TotalPageFile size 18590M (AvailPageFile size 14M)
current process WorkingSet (physical memory assigned to process): 147M, peak: 147M
current process commit charge ("private bytes"): 244M, peak: 244M

vm_info: OpenJDK 64-Bit Server VM (11.0.14.1+1) for windows-amd64 JRE (11.0.14.1+1), built on Feb  9 2022 01:48:27 by "" with unknown MS VC++:1916

END.
