#
# There is insufficient memory for the Java Runtime Environment to continue.
# Native memory allocation (mmap) failed to map 132120576 bytes for Failed to commit area from 0x0000000082800000 to 0x000000008a600000 of length 132120576.
# Possible reasons:
#   The system is out of physical RAM or swap space
#   The process is running with CompressedOops enabled, and the Java Heap may be blocking the growth of the native heap
# Possible solutions:
#   Reduce memory load on the system
#   Increase physical memory or swap space
#   Check if swap backing store is full
#   Decrease Java heap size (-Xmx/-Xms)
#   Decrease number of Java threads
#   Decrease Java thread stack sizes (-Xss)
#   Set larger code cache with -XX:ReservedCodeCacheSize=
# This output file may be truncated or incomplete.
#
#  Out of Memory Error (./src/hotspot/os/windows/os_windows.cpp:3387), pid=12104, tid=11532
#
# JRE version:  (11.0.14.1+1) (build )
# Java VM: OpenJDK 64-Bit Server VM (11.0.14.1+1, mixed mode, sharing, tiered, compressed oops, g1 gc, windows-amd64)
# No core dump will be written. Minidumps are not enabled by default on client versions of Windows
#

---------------  S U M M A R Y ------------

Command Line: 

Host: Intel(R) Core(TM) i5-10300H CPU @ 2.50GHz, 8 cores, 7G,  Windows 11 , 64 bit Build 22621 (10.0.22621.4974)
Time: Sat Mar  8 14:45:28 2025 SE Asia Standard Time elapsed time: 0.011624 seconds (0d 0h 0m 0s)

---------------  T H R E A D  ---------------

Current thread (0x000002b866c71800):  JavaThread "Unknown thread" [_thread_in_vm, id=11532, stack(0x000000d73b900000,0x000000d73ba00000)]

Stack: [0x000000d73b900000,0x000000d73ba00000]
Native frames: (J=compiled Java code, j=interpreted, Vv=VM code, C=native code)
V  [jvm.dll+0x61e59a]
V  [jvm.dll+0x7aaca9]
V  [jvm.dll+0x7ac398]
V  [jvm.dll+0x7aca73]
V  [jvm.dll+0x24f9b8]
V  [jvm.dll+0x61b83a]
V  [jvm.dll+0x6100c5]
V  [jvm.dll+0x30772c]
V  [jvm.dll+0x3075b2]
V  [jvm.dll+0x30c2d6]
V  [jvm.dll+0x35272f]
V  [jvm.dll+0x352160]
V  [jvm.dll+0x2e4728]
V  [jvm.dll+0x2e5886]
V  [jvm.dll+0x784b07]
V  [jvm.dll+0x78628f]
V  [jvm.dll+0x35f479]
V  [jvm.dll+0x767aa0]
V  [jvm.dll+0x3ccf1f]
V  [jvm.dll+0x3cf2b1]
C  [jli.dll+0x5207]
C  [ucrtbase.dll+0x29333]
C  [KERNEL32.DLL+0x1259d]
C  [ntdll.dll+0x5af38]


---------------  P R O C E S S  ---------------

Threads class SMR info:
_java_thread_list=0x000002b864a15200, length=0, elements={
}

Java Threads: ( => current thread )

Other Threads:
  0x000002b866c8b000 GCTaskThread "GC Thread#0" [stack: 0x000000d73ba00000,0x000000d73bb00000] [id=20612]
  0x000002b866cbc000 ConcurrentGCThread "G1 Main Marker" [stack: 0x000000d73bb00000,0x000000d73bc00000] [id=11364]
  0x000002b866cc0800 ConcurrentGCThread "G1 Conc#0" [stack: 0x000000d73bc00000,0x000000d73bd00000] [id=22228]

[error occurred during error reporting (printing all threads), id 0xc0000005, EXCEPTION_ACCESS_VIOLATION (0xc0000005) at pc=0x00007ff86d353ef7]

VM state:not at safepoint (not fully initialized)

VM Mutex/Monitor currently owned by a thread:  ([mutex/lock_event])
[0x000002b866c6ec50] Heap_lock - owner thread: 0x000002b866c71800

Heap address: 0x0000000082800000, size: 2008 MB, Compressed Oops mode: Non-zero based: 0x0000000082800000
Narrow klass base: 0x0000000000000000, Narrow klass shift: 0

GC Heap History (0 events):
No events

Deoptimization events (0 events):
No events

Classes redefined (0 events):
No events

Internal exceptions (0 events):
No events

Events (1 events):
Event: 0.006 Loaded shared library C:\Program Files\Unity\Hub\Editor\2022.3.46f1\Editor\Data\PlaybackEngines\AndroidPlayer\OpenJDK\bin\zip.dll


Dynamic libraries:
0x00007ff6f2100000 - 0x00007ff6f210d000 	C:\Program Files\Unity\Hub\Editor\2022.3.46f1\Editor\Data\PlaybackEngines\AndroidPlayer\OpenJDK\bin\java.exe
0x00007ff925bb0000 - 0x00007ff925dc7000 	C:\WINDOWS\SYSTEM32\ntdll.dll
0x00007ff925070000 - 0x00007ff925134000 	C:\WINDOWS\System32\KERNEL32.DLL
0x00007ff9230d0000 - 0x00007ff9234a1000 	C:\WINDOWS\System32\KERNELBASE.dll
0x00007ff923760000 - 0x00007ff923871000 	C:\WINDOWS\System32\ucrtbase.dll
0x00007ff91cc70000 - 0x00007ff91cc85000 	C:\Program Files\Unity\Hub\Editor\2022.3.46f1\Editor\Data\PlaybackEngines\AndroidPlayer\OpenJDK\bin\VCRUNTIME140.dll
0x00007ff91b060000 - 0x00007ff91b077000 	C:\Program Files\Unity\Hub\Editor\2022.3.46f1\Editor\Data\PlaybackEngines\AndroidPlayer\OpenJDK\bin\jli.dll
0x00007ff924a00000 - 0x00007ff924bb1000 	C:\WINDOWS\System32\USER32.dll
0x00007ff923020000 - 0x00007ff923046000 	C:\WINDOWS\System32\win32u.dll
0x00007ff921f40000 - 0x00007ff9221d2000 	C:\WINDOWS\WinSxS\amd64_microsoft.windows.common-controls_6595b64144ccf1df_6.0.22621.4830_none_270fe7d773858e80\COMCTL32.dll
0x00007ff924780000 - 0x00007ff9247a9000 	C:\WINDOWS\System32\GDI32.dll
0x00007ff923e30000 - 0x00007ff923ed7000 	C:\WINDOWS\System32\msvcrt.dll
0x00007ff922cf0000 - 0x00007ff922e0b000 	C:\WINDOWS\System32\gdi32full.dll
0x00007ff922f80000 - 0x00007ff92301a000 	C:\WINDOWS\System32\msvcp_win.dll
0x00007ff923880000 - 0x00007ff9238b1000 	C:\WINDOWS\System32\IMM32.DLL
0x00007ff8d8cb0000 - 0x00007ff8d8d4b000 	C:\Program Files\Unity\Hub\Editor\2022.3.46f1\Editor\Data\PlaybackEngines\AndroidPlayer\OpenJDK\bin\msvcp140.dll
0x00007ff86d060000 - 0x00007ff86dbe1000 	C:\Program Files\Unity\Hub\Editor\2022.3.46f1\Editor\Data\PlaybackEngines\AndroidPlayer\OpenJDK\bin\server\jvm.dll
0x00007ff924fb0000 - 0x00007ff925061000 	C:\WINDOWS\System32\ADVAPI32.dll
0x00007ff924840000 - 0x00007ff9248e7000 	C:\WINDOWS\System32\sechost.dll
0x00007ff923670000 - 0x00007ff923698000 	C:\WINDOWS\System32\bcrypt.dll
0x00007ff925450000 - 0x00007ff925564000 	C:\WINDOWS\System32\RPCRT4.dll
0x00007ff9253c0000 - 0x00007ff9253c8000 	C:\WINDOWS\System32\PSAPI.DLL
0x00007ff91c700000 - 0x00007ff91c70a000 	C:\WINDOWS\SYSTEM32\VERSION.dll
0x00007ff91cd50000 - 0x00007ff91cd84000 	C:\WINDOWS\SYSTEM32\WINMM.dll
0x00007ff91d8f0000 - 0x00007ff91d8f9000 	C:\WINDOWS\SYSTEM32\WSOCK32.dll
0x00007ff925140000 - 0x00007ff9251b1000 	C:\WINDOWS\System32\WS2_32.dll
0x00007ff9214e0000 - 0x00007ff9214f8000 	C:\WINDOWS\SYSTEM32\kernel.appcore.dll
0x00007ff91d900000 - 0x00007ff91d910000 	C:\Program Files\Unity\Hub\Editor\2022.3.46f1\Editor\Data\PlaybackEngines\AndroidPlayer\OpenJDK\bin\verify.dll
0x00007ff922650000 - 0x00007ff922882000 	C:\WINDOWS\SYSTEM32\DBGHELP.DLL
0x00007ff925680000 - 0x00007ff925a10000 	C:\WINDOWS\System32\combase.dll
0x00007ff923d50000 - 0x00007ff923e27000 	C:\WINDOWS\System32\OLEAUT32.dll
0x00007ff9224d0000 - 0x00007ff922502000 	C:\WINDOWS\SYSTEM32\dbgcore.DLL
0x00007ff9234b0000 - 0x00007ff92352b000 	C:\WINDOWS\System32\bcryptPrimitives.dll
0x00007ff90fdb0000 - 0x00007ff90fdd8000 	C:\Program Files\Unity\Hub\Editor\2022.3.46f1\Editor\Data\PlaybackEngines\AndroidPlayer\OpenJDK\bin\java.dll
0x00007ff91b010000 - 0x00007ff91b01a000 	C:\Program Files\Unity\Hub\Editor\2022.3.46f1\Editor\Data\PlaybackEngines\AndroidPlayer\OpenJDK\bin\jimage.dll
0x00007ff90fd10000 - 0x00007ff90fd28000 	C:\Program Files\Unity\Hub\Editor\2022.3.46f1\Editor\Data\PlaybackEngines\AndroidPlayer\OpenJDK\bin\zip.dll

dbghelp: loaded successfully - version: 4.0.5 - missing functions: none
symbol engine: initialized successfully - sym options: 0x614 - pdb path: .;C:\Program Files\Unity\Hub\Editor\2022.3.46f1\Editor\Data\PlaybackEngines\AndroidPlayer\OpenJDK\bin;C:\WINDOWS\SYSTEM32;C:\WINDOWS\WinSxS\amd64_microsoft.windows.common-controls_6595b64144ccf1df_6.0.22621.4830_none_270fe7d773858e80;C:\Program Files\Unity\Hub\Editor\2022.3.46f1\Editor\Data\PlaybackEngines\AndroidPlayer\OpenJDK\bin\server

VM Arguments:
java_command: <unknown>
java_class_path (initial): <not set>
Launcher Type: SUN_STANDARD

[Global flags]
     intx CICompilerCount                          = 4                                         {product} {ergonomic}
     uint ConcGCThreads                            = 2                                         {product} {ergonomic}
     uint G1ConcRefinementThreads                  = 8                                         {product} {ergonomic}
   size_t G1HeapRegionSize                         = 1048576                                   {product} {ergonomic}
    uintx GCDrainStackTargetSize                   = 64                                        {product} {ergonomic}
   size_t InitialHeapSize                          = 132120576                                 {product} {ergonomic}
   size_t MarkStackSize                            = 4194304                                   {product} {ergonomic}
   size_t MaxHeapSize                              = 2105540608                                {product} {ergonomic}
   size_t MinHeapDeltaBytes                        = 1048576                                   {product} {ergonomic}
    uintx NonNMethodCodeHeapSize                   = 5836300                                {pd product} {ergonomic}
    uintx NonProfiledCodeHeapSize                  = 122910970                              {pd product} {ergonomic}
    uintx ProfiledCodeHeapSize                     = 122910970                              {pd product} {ergonomic}
    uintx ReservedCodeCacheSize                    = 251658240                              {pd product} {ergonomic}
     bool SegmentedCodeCache                       = true                                      {product} {ergonomic}
     bool UseCompressedClassPointers               = true                                 {lp64_product} {ergonomic}
     bool UseCompressedOops                        = true                                 {lp64_product} {ergonomic}
     bool UseG1GC                                  = true                                      {product} {ergonomic}
     bool UseLargePagesIndividualAllocation        = false                                  {pd product} {ergonomic}

Logging:
Log output configuration:
 #0: stdout all=warning uptime,level,tags
 #1: stderr all=off uptime,level,tags

Environment Variables:
JAVA_HOME=C:/Program Files/Unity/Hub/Editor/2022.3.46f1/Editor/Data/PlaybackEngines/AndroidPlayer\OpenJDK
PATH=C:\Program Files\Java\jdk-20\bin;C:\Program Files\Common Files\Oracle\Java\javapath;C:\Windows\system32;C:\Windows;C:\Windows\System32\Wbem;C:\Windows\System32\WindowsPowerShell\v1.0\;C:\Windows\System32\OpenSSH\;C:\Program Files (x86)\NVIDIA Corporation\PhysX\Common;C:\Program Files\NVIDIA Corporation\NVIDIA NvDLISR;C:\WINDOWS\system32;C:\WINDOWS;C:\WINDOWS\System32\Wbem;C:\WINDOWS\System32\WindowsPowerShell\v1.0\;C:\WINDOWS\System32\OpenSSH\;C:\Program Files (x86)\Microsoft SQL Server\160\Tools\Binn\;C:\Program Files\Microsoft SQL Server\160\Tools\Binn\;C:\Program Files\Microsoft SQL Server\Client SDK\ODBC\170\Tools\Binn\;C:\Program Files\Microsoft SQL Server\160\DTS\Binn\;C:\Program Files (x86)\Microsoft SQL Server\160\DTS\Binn\;C:\Program Files\Azure Data Studio\bin;C:\Program Files\Git\cmd;C:\Program Files\Microsoft SQL Server\150\Tools\Binn\;C:\Program Files\dotnet\;D:\Xampp\php;D:\Composer;C:\ProgramData\chocolatey\bin;C:\Program Files\Microsoft VS Code\bin;C:\Program Files\nodejs\;C:\Program Files\Git LFS;C:\Program Files\PuTTY\;C:\Users\DÝÕNG VÃN S?\AppData\Local\Microsoft\WindowsApps;C:\Users\DÝÕNG VÃN S?\AppData\Local\Programs\Microsoft VS Code\bin;C:\msys641\usr\bin;C:\msys64\mingw64\bin;C:\Program Files\Azure Data Studio\bin;C:\Program Files\CMake\bin;C:\Users\DÝÕNG VÃN S?\AppData\Local\Programs\Microsoft VS Code\bin;C:\Users\DÝÕNG VÃN S?\.dotnet\tools;C:\Program Files\Java\jdk-20\bin;C:\Users\DÝÕNG VÃN S?\AppData\Roaming\Composer\vendor\bin;D:\AndroidSDK\platform-tools;D:\Gradle8\gradle-8.0.1-all\gradle-8.0.1;C:\Users\DÝÕNG VÃN S?\AppData\Roaming\npm;C:\Users\DÝÕNG VÃN S?\.lmstudio\bin
USERNAME=DÝÕNG VÃN S?
OS=Windows_NT
PROCESSOR_IDENTIFIER=Intel64 Family 6 Model 165 Stepping 2, GenuineIntel



---------------  S Y S T E M  ---------------

OS: Windows 11 , 64 bit Build 22621 (10.0.22621.4974)
OS uptime: 0 days 17:15 hours

CPU:total 8 (initial active 8) (4 cores per cpu, 2 threads per core) family 6 model 165 stepping 2 microcode 0xe0, cmov, cx8, fxsr, mmx, sse, sse2, sse3, ssse3, sse4.1, sse4.2, popcnt, avx, avx2, aes, clmul, erms, 3dnowpref, lzcnt, ht, tsc, tscinvbit, bmi1, bmi2, adx, fma

Memory: 4k page, system-wide physical 8029M (601M free)
TotalPageFile size 18538M (AvailPageFile size 71M)
current process WorkingSet (physical memory assigned to process): 11M, peak: 11M
current process commit charge ("private bytes"): 60M, peak: 186M

vm_info: OpenJDK 64-Bit Server VM (11.0.14.1+1) for windows-amd64 JRE (11.0.14.1+1), built on Feb  9 2022 01:48:27 by "" with unknown MS VC++:1916

END.
